<?xml version="1.0" encoding="UTF-8"?>
<!-- Generated by org.testng.reporters.JUnitXMLReporter -->
<testsuite ignored="0" hostname="PCIN474007" failures="0" tests="3" name="Test" time="173.787" errors="0" timestamp="07 May 2021 10:27:11 GMT">
  <testcase classname="com.identifyNewBikes.TestGrid" name="upcomingBikesTest" time="51.444"/>
  <testcase classname="com.identifyNewBikes.TestGrid" name="popularUsedCarsTest" time="25.819"/>
  <testcase classname="com.identifyNewBikes.TestGrid" name="ZigwheelsSignInTest" time="24.856"/>
</testsuite> <!-- Test -->
