<?xml version="1.0" encoding="UTF-8"?>
<!-- Generated by org.testng.reporters.JUnitXMLReporter -->
<testsuite ignored="0" hostname="PCIN474007" failures="0" tests="3" name="TestChrome" time="116.795" errors="0" timestamp="07 May 2021 14:30:55 GMT">
  <testcase classname="com.identifyNewBikes.TestGrid" name="upcomingBikesTest" time="37.435"/>
  <testcase classname="com.identifyNewBikes.TestGrid" name="popularUsedCarsTest" time="14.456"/>
  <testcase classname="com.identifyNewBikes.TestGrid" name="ZigwheelsSignInTest" time="18.746"/>
</testsuite> <!-- TestChrome -->
