<?xml version="1.0" encoding="UTF-8"?>
<!-- Generated by org.testng.reporters.JUnitXMLReporter -->
<testsuite ignored="0" hostname="PCIN474007" failures="0" tests="3" name="Test" time="78.119" errors="0" timestamp="08 May 2021 08:48:18 GMT">
  <testcase classname="com.identifyNewBikes.Testbase" name="upcomingBikesTest" time="20.064"/>
  <testcase classname="com.identifyNewBikes.Testbase" name="popularUsedCarsTest" time="7.267"/>
  <testcase classname="com.identifyNewBikes.Testbase" name="ZigwheelsSignInTest" time="15.046"/>
</testsuite> <!-- Test -->
